This is pdfTeXk, Version 3.1415926-1.40.9 (Web2C 7.5.7) (format=pdflatex 2009.9.15)  24 JUN 2010 14:36
entering extended mode
\write18 enabled.
 %&-line parsing enabled.
**deviantart.tex
(./deviantart.tex
LaTeX2e <2005/12/01>
Babel <v3.8l> and hyphenation patterns for english, usenglishmax, dumylang, noh
yphenation, basque, danish, dutch, finnish, french, german, ngerman, hungarian,
 italian, bokmal, nynorsk, polish, portuguese, spanish, swedish, ukenglish, loa
ded.
(./ieee.cls
Document Class `ieee' <Modified: 2000, Gregory L. Plett>.
Document Class: ieee 2000/01/11
\narrowcol=\skip41
\parindentsave=\skip42
ieee: `Final' mode selected.
ieee: Narrow equation arrays selected.
ieee: Narrower inline equations selected.
ieee: No separate title page.
(/usr/local/texlive/2008basic/texmf-dist/tex/latex/base/article.cls
Document Class: article 2005/09/16 v1.4f Standard LaTeX document class
(/usr/local/texlive/2008basic/texmf-dist/tex/latex/base/size10.clo
File: size10.clo 2005/09/16 v1.4f Standard LaTeX file (size option)
)
\c@part=\count79
\c@section=\count80
\c@subsection=\count81
\c@subsubsection=\count82
\c@paragraph=\count83
\c@subparagraph=\count84
\c@figure=\count85
\c@table=\count86
\abovecaptionskip=\skip43
\belowcaptionskip=\skip44
\bibindent=\dimen102
)
(/usr/local/texlive/2008basic/texmf-dist/tex/latex/graphics/graphicx.sty
Package: graphicx 1999/02/16 v1.0f Enhanced LaTeX Graphics (DPC,SPQR)

(/usr/local/texlive/2008basic/texmf-dist/tex/latex/graphics/keyval.sty
Package: keyval 1999/03/16 v1.13 key=value parser (DPC)
\KV@toks@=\toks14
)
(/usr/local/texlive/2008basic/texmf-dist/tex/latex/graphics/graphics.sty
Package: graphics 2006/02/20 v1.0o Standard LaTeX Graphics (DPC,SPQR)

(/usr/local/texlive/2008basic/texmf-dist/tex/latex/graphics/trig.sty
Package: trig 1999/03/16 v1.09 sin cos tan (DPC)
)
(/usr/local/texlive/2008basic/texmf/tex/latex/config/graphics.cfg
File: graphics.cfg 2007/01/18 v1.5 graphics configuration of teTeX/TeXLive
)
Package graphics Info: Driver file: pdftex.def on input line 90.

(/usr/local/texlive/2008basic/texmf-dist/tex/latex/pdftex-def/pdftex.def
File: pdftex.def 2008/09/08 v0.04l Graphics/color for pdfTeX
\Gread@gobject=\count87
))
\Gin@req@height=\dimen103
\Gin@req@width=\dimen104
)
(/usr/local/texlive/2008basic/texmf-dist/tex/latex/base/ifthen.sty
Package: ifthen 2001/05/26 v1.1c Standard LaTeX ifthen package (DPC)
)
-- This is a 10 point document
\tmpitemindent=\dimen105
\captionindent=\skip45
\timehh=\count88
\timemm=\count89
\c@numappendices=\count90
\br=\count91
\nb=\count92
\tcdsav=\count93
\tcl=\count94
\tcd=\count95
\tcn=\count96
\cumtcl=\count97
\rtside=\dimen106
\hpic=\dimen107
\vpic=\dimen108
\strutilg=\dimen109
\picwd=\dimen110
\topheight=\dimen111
\ilg=\dimen112
\lpic=\dimen113
\lwindowsep=\dimen114
\rwindowsep=\dimen115
\cumpar=\dimen116
\twa=\toks15
\la=\toks16
\ra=\toks17
\ha=\toks18
\pictoc=\toks19
\rawtext=\box26
\holder=\box27
\windowbox=\box28
\wartext=\box29
\finaltext=\box30
\aslice=\box31
\bslice=\box32
\wbox=\box33
\wstrutbox=\box34
\picbox=\box35
\waslice=\box36
\wbslice=\box37
\fslice=\box38
) (./ieeefig.sty
Package: ieeefig 1996/01/26

ieeefig: Final option selected.
\figb@x=\box39
\htpl@sdp=\dimen117
\b@xwidth=\dimen118
) (/usr/local/texlive/2008basic/texmf-dist/tex/latex/subfig/subfig.sty
Package: subfig 2005/06/28 ver: 1.3 subfig package


Package subfig Warning: Your document class has a bad definition
 of \endtable, most likely
 \let\endtable=\end@float
 which has now been changed to
 \def\endtable{\end@float}
 because otherwise subsequent changes to \end@float
 (like done by several packages changing float behaviour)
 can't take effect on \endtable.
 Please complain to your document class author.

(/usr/local/texlive/2008basic/texmf-dist/tex/latex/caption/caption.sty
Package: caption 2008/08/24 v3.1j Customizing captions (AR)

(/usr/local/texlive/2008basic/texmf-dist/tex/latex/caption/caption3.sty
Package: caption3 2008/08/24 v3.1j caption3 kernel (AR)
\captionmargin=\dimen119
\captionmargin@=\dimen120
\captionwidth=\dimen121
\caption@indent=\dimen122
\caption@parindent=\dimen123
\caption@hangindent=\dimen124
Package caption Info: Unknown document class (or package),
(caption)             standard defaults will be used on input line 1027.
)

Package caption Warning: Unsupported document class (or package) detected,
(caption)                usage of the caption package is not recommended.
See the caption package documentation for explanation.

Package caption Info: \@makecaption = \long macro:#1#2#3-> \ifx \figurestring #
3 \vskip 5pt \setbox \@tempboxa \hbox {\small #1.~ #2} \ifdim \wd \@tempboxa >\
hsize \setbox \@tempboxa \hbox {\small #1.~ } \parbox [t]{\hsize }{\small \unhb
ox \@tempboxa #2} \else \hbox to\hsize {\small \ifc@ptionleft \else \hfil \fi \
box \@tempboxa \hfil } \fi \else \begin {center} \ifx \captionwidth \undefined 
{\small #1}\\{\small \scshape #2} \else \begin {minipage}{\captionwidth } \begi
n {center}{\small #1}\\{\small \scshape #2}\end {center} \end {minipage} \fi \e
nd {center}\vskip 4pt \fi .
\c@ContinuedFloat=\count98
)
\c@KVtest=\count99
\sf@farskip=\skip46
\sf@captopadj=\dimen125
\sf@capskip=\skip47
\sf@nearskip=\skip48
\c@subfigure=\count100
\c@subfigure@save=\count101
\c@lofdepth=\count102
\c@subtable=\count103
\c@subtable@save=\count104
\c@lotdepth=\count105
\sf@top=\skip49
\sf@bottom=\skip50
) (/usr/local/texlive/2008basic/texmf-dist/tex/latex/ltxmisc/url.sty
\Urlmuskip=\muskip10
Package: url 2006/04/12  ver 3.3  Verb mode for urls, etc.
)
\@indexfile=\write3
\openout3 = `deviantart.idx'.


Writing index file deviantart.idx
(./deviantart.aux)
\openout1 = `deviantart.aux'.

LaTeX Font Info:    Checking defaults for OML/cmm/m/it on input line 28.
LaTeX Font Info:    ... okay on input line 28.
LaTeX Font Info:    Checking defaults for T1/cmr/m/n on input line 28.
LaTeX Font Info:    ... okay on input line 28.
LaTeX Font Info:    Checking defaults for OT1/cmr/m/n on input line 28.
LaTeX Font Info:    ... okay on input line 28.
LaTeX Font Info:    Checking defaults for OMS/cmsy/m/n on input line 28.
LaTeX Font Info:    ... okay on input line 28.
LaTeX Font Info:    Checking defaults for OMX/cmex/m/n on input line 28.
LaTeX Font Info:    ... okay on input line 28.
LaTeX Font Info:    Checking defaults for U/cmr/m/n on input line 28.
LaTeX Font Info:    ... okay on input line 28.

(/usr/local/texlive/2008basic/texmf-dist/tex/context/base/supp-pdf.tex
[Loading MPS to PDF converter (version 2006.09.02).]
\scratchcounter=\count106
\scratchdimen=\dimen126
\scratchbox=\box40
\nofMPsegments=\count107
\nofMParguments=\count108
\everyMPshowfont=\toks20
\MPscratchCnt=\count109
\MPscratchDim=\dimen127
\MPnumerator=\count110
\everyMPtoPDFconversion=\toks21
)
Package caption Info: Begin \AtBeginDocument code.
Package caption3 Info: subfig package 1.2 or 1.3 is loaded.
LaTeX Info: Redefining \subref on input line 28.
Package caption Info: Incompatible package detected (regarding \caption).
(caption)             \caption = \long macro:->\refstepcounter \@captype \@dbla
rg {\@caption \@captype }.


Package caption Warning: \caption will not be redefined since it's already
(caption)                redefined by a document class or package which is
(caption)                unknown to the caption package.
See the caption package documentation for explanation.

Package caption Info: End \AtBeginDocument code.
LaTeX Font Info:    External font `cmex10' loaded for size
(Font)              <12> on input line 33.
LaTeX Font Info:    External font `cmex10' loaded for size
(Font)              <8> on input line 33.
LaTeX Font Info:    External font `cmex10' loaded for size
(Font)              <6> on input line 33.
(./abstract.tex) (./introduction.tex
LaTeX Font Info:    External font `cmex10' loaded for size
(Font)              <7> on input line 7.
LaTeX Font Info:    External font `cmex10' loaded for size
(Font)              <5> on input line 7.
Missing character: There is no Õ in font cmr10!

Underfull \hbox (badness 10000) in paragraph at lines 18--19

 []

) (./previouswork.tex) (./implementation.tex
ieee: Warning! No \journal given!
[1{/usr/local/texlive/2008basic/texmf-var/fonts/map/pdftex/updmap/pdftex.map}


]
Underfull \hbox (badness 2744) in paragraph at lines 68--73
\OT1/cmr/m/n/10 the url $\OML/cmm/m/it/10 http \OT1/cmr/m/n/10 : \OML/cmm/m/it/
10 ==backend:deviantart:com=rss:xml\OT1/cmr/m/n/10 ?\OML/cmm/m/it/10 q \OT1/cmr
/m/n/10 =
 []

) (./experiments.tex) (./futurework.tex) (./conclusion.tex) (./deviantart.bbl
ieee: Warning! No \journal given!
[2])
Underfull \vbox (badness 10000) has occurred while \output is active []


(./deviantart.toc)
\tf@toc=\write4
\openout4 = `deviantart.toc'.

 [3] (./deviantart.aux) ) 
Here is how much of TeX's memory you used:
 2394 strings out of 494733
 34940 string characters out of 1170938
 108475 words of memory out of 3000000
 5605 multiletter control sequences out of 10000+50000
 8818 words of font info for 31 fonts, out of 3000000 for 5000
 188 hyphenation exceptions out of 8191
 44i,7n,42p,426b,238s stack positions out of 5000i,500n,10000p,200000b,50000s
</usr/local/texlive/2008basic/texmf-dist/fonts/type1/b
luesky/cm/cmbx10.pfb></usr/local/texlive/2008basic/texmf-dist/fonts/type1/blues
ky/cm/cmbx8.pfb></usr/local/texlive/2008basic/texmf-dist/fonts/type1/bluesky/cm
/cmbxti10.pfb></usr/local/texlive/2008basic/texmf-dist/fonts/type1/bluesky/cm/c
mcsc10.pfb></usr/local/texlive/2008basic/texmf-dist/fonts/type1/bluesky/cm/cmmi
10.pfb></usr/local/texlive/2008basic/texmf-dist/fonts/type1/bluesky/cm/cmr10.pf
b></usr/local/texlive/2008basic/texmf-dist/fonts/type1/bluesky/cm/cmr12.pfb></u
sr/local/texlive/2008basic/texmf-dist/fonts/type1/bluesky/cm/cmr17.pfb></usr/lo
cal/texlive/2008basic/texmf-dist/fonts/type1/bluesky/cm/cmr6.pfb></usr/local/te
xlive/2008basic/texmf-dist/fonts/type1/bluesky/cm/cmr7.pfb></usr/local/texlive/
2008basic/texmf-dist/fonts/type1/bluesky/cm/cmr8.pfb></usr/local/texlive/2008ba
sic/texmf-dist/fonts/type1/bluesky/cm/cmsy7.pfb></usr/local/texlive/2008basic/t
exmf-dist/fonts/type1/bluesky/cm/cmti10.pfb></usr/local/texlive/2008basic/texmf
-dist/fonts/type1/bluesky/cm/cmti8.pfb></usr/local/texlive/2008basic/texmf-dist
/fonts/type1/bluesky/cm/cmtt8.pfb>
Output written on deviantart.pdf (3 pages, 122340 bytes).
PDF statistics:
 72 PDF objects out of 1000 (max. 8388607)
 0 named destinations out of 1000 (max. 131072)
 1 words of extra memory for PDF output out of 10000 (max. 10000000)

