This is pdfTeXk, Version 3.1415926-1.40.9 (Web2C 7.5.7) (format=pdflatex 2008.12.1)  27 JUN 2010 15:49
entering extended mode
\write18 enabled.
 %&-line parsing enabled.
**implementation.tex
(./implementation.tex
LaTeX2e <2005/12/01>
Babel <v3.8l> and hyphenation patterns for english, usenglishmax, dumylang, noh
yphenation, basque, danish, dutch, finnish, french, german, ngerman, hungarian,
 italian, bokmal, nynorsk, polish, portuguese, spanish, swedish, ukenglish, loa
ded.
! Undefined control sequence.
l.1 \subsection
               {Toolkit introduction}
? 
! Emergency stop.
l.1 \subsection
               {Toolkit introduction}
End of file on the terminal!

 
Here is how much of TeX's memory you used:
 5 strings out of 494733
 151 string characters out of 1170938
 45635 words of memory out of 3000000
 3321 multiletter control sequences out of 10000+50000
 3640 words of font info for 14 fonts, out of 3000000 for 5000
 188 hyphenation exceptions out of 8191
 5i,0n,1p,54b,8s stack positions out of 5000i,500n,10000p,200000b,50000s
!  ==> Fatal error occurred, no output PDF file produced!
